#
# A fatal error has been detected by the Java Runtime Environment:
#
#  EXCEPTION_ACCESS_VIOLATION (0xc0000005) at pc=0x00007ffeffd09b5b, pid=8404, tid=12528
#
# JRE version: Java(TM) SE Runtime Environment (13.0.1+9) (build 13.0.1+9)
# Java VM: Java HotSpot(TM) 64-Bit Server VM (13.0.1+9, mixed mode, sharing, tiered, compressed oops, g1 gc, windows-amd64)
# Problematic frame:
# V  [jvm.dll+0x6a9b5b]
#
# No core dump will be written. Minidumps are not enabled by default on client versions of Windows
#
# If you would like to submit a bug report, please visit:
#   http://bugreport.java.com/bugreport/crash.jsp
#

---------------  S U M M A R Y ------------

Command Line: -agentlib:jdwp=transport=dt_socket,suspend=y,address=localhost:60494 -javaagent:E:\Java\eclipse\configuration\org.eclipse.osgi\412\0\.cp\lib\javaagent-shaded.jar -Dfile.encoding=UTF-8 ArithmeticApp

Host: Intel(R) Core(TM) i7-4790K CPU @ 4.00GHz, 8 cores, 7G,  Windows 10 , 64 bit Build 18362 (10.0.18362.329)
Time: Sun Nov 10 19:30:01 2019 Jerusalem Standard Time elapsed time: 1366 seconds (0d 0h 22m 46s)

---------------  T H R E A D  ---------------

Current thread (0x000001ea46048800):  JavaThread "JDWP Transport Listener: dt_socket" daemon [_thread_in_vm, id=12528, stack(0x000000dbb4f00000,0x000000dbb5000000)] _threads_hazard_ptr=0x000001ea460c0ca0

Stack: [0x000000dbb4f00000,0x000000dbb5000000],  sp=0x000000dbb4ffe960,  free space=1018k
Native frames: (J=compiled Java code, j=interpreted, Vv=VM code, C=native code)
V  [jvm.dll+0x6a9b5b]
V  [jvm.dll+0x331b03]
V  [jvm.dll+0x33381b]
V  [jvm.dll+0x3340ee]
V  [jvm.dll+0x33195c]
V  [jvm.dll+0x330b92]
V  [jvm.dll+0x6160a5]
V  [jvm.dll+0x615e2d]
V  [jvm.dll+0x5df993]
V  [jvm.dll+0x76a37f]
V  [jvm.dll+0x4f8226]
V  [jvm.dll+0x77963d]
V  [jvm.dll+0x4de2fe]
V  [jvm.dll+0x4a2b10]
C  [jdwp.dll+0x7bbc]


siginfo: EXCEPTION_ACCESS_VIOLATION (0xc0000005), reading address 0x0000000000000006


Register to memory mapping:

RIP=0x00007ffeffd09b5b jvm.dll
RAX=0x000000dbb4ffe9f0 is pointing into the stack for thread: 0x000001ea46048800
RBX=0x000000dbb4ffe9c0 is pointing into the stack for thread: 0x000001ea46048800
RCX=0x0 is NULL
RDX=0x0 is NULL
RSP=0x000000dbb4ffe960 is pointing into the stack for thread: 0x000001ea46048800
RBP=0x000000dbb4ffef00 is pointing into the stack for thread: 0x000001ea46048800
RSI=0x0 is NULL
RDI=0x0 is NULL
R8 =0x0 is NULL
R9 =0x000001ea459242e0 is pointing into metadata
R10=0x00007ffeff660000 jvm.dll
R11=0x000000dbb4ffee20 is pointing into the stack for thread: 0x000001ea46048800
R12=0x000001ea4604ef00 points into unknown readable memory: 00 27 d0 89 00 00 00 00
R13=0x0 is NULL
R14=0x000001ea4592483a is pointing into metadata
R15=0x000000000000004a is an unknown value


Registers:
RAX=0x000000dbb4ffe9f0, RBX=0x000000dbb4ffe9c0, RCX=0x0000000000000000, RDX=0x0000000000000000
RSP=0x000000dbb4ffe960, RBP=0x000000dbb4ffef00, RSI=0x0000000000000000, RDI=0x0000000000000000
R8 =0x0000000000000000, R9 =0x000001ea459242e0, R10=0x00007ffeff660000, R11=0x000000dbb4ffee20
R12=0x000001ea4604ef00, R13=0x0000000000000000, R14=0x000001ea4592483a, R15=0x000000000000004a
RIP=0x00007ffeffd09b5b, EFLAGS=0x0000000000010246

Top of Stack: (sp=0x000000dbb4ffe960)
0x000000dbb4ffe960:   000000dbb4ffe9c0 0000000000000000
0x000000dbb4ffe970:   0000000000000000 0000000000000000
0x000000dbb4ffe980:   0000000000000001 00007ffeff991b03
0x000000dbb4ffe990:   0000000000000000 000000dbb4fff070
0x000000dbb4ffe9a0:   0000000000000000 0000000000000000
0x000000dbb4ffe9b0:   0000000000000000 0000000000000000
0x000000dbb4ffe9c0:   00007ffeffee4290 0000000000000000
0x000000dbb4ffe9d0:   0000000000000000 000000000000000c
0x000000dbb4ffe9e0:   000000dbb4ffe9f0 0000000000000000
0x000000dbb4ffe9f0:   0000000046000015 0000000000000000
0x000000dbb4ffea00:   4fffffff4fffffff 000000004fffffff
0x000000dbb4ffea10:   0000000000000000 0000000000000000
0x000000dbb4ffea20:   0000000000000000 0000000000000000
0x000000dbb4ffea30:   0000000000000000 0000000000000000
0x000000dbb4ffea40:   0000000000000000 0000000000000000
0x000000dbb4ffea50:   0000000000000000 0000000000000000 

Instructions: (pc=0x00007ffeffd09b5b)
0x00007ffeffd09a5b:   48 8b cb ff 50 30 ff 43 14 48 c1 ef 04 eb 86 48
0x00007ffeffd09a6b:   8b 03 45 33 c0 33 d2 48 8b cb ff 50 48 ff 43 14
0x00007ffeffd09a7b:   48 c1 ef 04 e9 6c ff ff ff 48 8b 03 48 8b cb ff
0x00007ffeffd09a8b:   50 38 83 43 14 02 48 c1 ef 04 e9 56 ff ff ff 48
0x00007ffeffd09a9b:   8b 03 48 8b cb ff 50 10 ff 43 14 48 c1 ef 04 e9
0x00007ffeffd09aab:   41 ff ff ff 48 8b 03 48 8b cb ff 50 18 83 43 14
0x00007ffeffd09abb:   02 48 c1 ef 04 e9 2b ff ff ff 48 8b 0d c4 06 3f
0x00007ffeffd09acb:   00 48 8d 15 ed ae 22 00 e8 38 f4 f7 ff 48 8b 0d
0x00007ffeffd09adb:   b1 06 3f 00 48 8d 15 f2 ae 22 00 4c 8b c6 e8 22
0x00007ffeffd09aeb:   f4 f7 ff ba c2 00 00 00 48 8d 0d 66 ae 22 00 e8
0x00007ffeffd09afb:   21 3e ba ff e8 1c cf f7 ff 48 c1 ef 04 e9 e3 fe
0x00007ffeffd09b0b:   ff ff 0f 1f 00 11 9a 6a 00 22 9a 6a 00 34 9a 6a
0x00007ffeffd09b1b:   00 46 9a 6a 00 58 9a 6a 00 84 9a 6a 00 9a 9a 6a
0x00007ffeffd09b2b:   00 af 9a 6a 00 6a 9a 6a 00 c8 99 6a 00 cc cc cc
0x00007ffeffd09b3b:   cc cc cc cc cc 40 53 48 83 ec 20 c7 41 10 00 00
0x00007ffeffd09b4b:   00 00 48 8b d9 48 89 7c 24 38 48 8b 79 08 33 c9
0x00007ffeffd09b5b:   80 7f 06 28 74 26 44 8d 49 28 8d 51 36 48 8d 0d
0x00007ffeffd09b6b:   f1 ad 22 00 4c 8d 05 da ad 22 00 e8 25 3c ba ff
0x00007ffeffd09b7b:   e8 a0 ce f7 ff 8b 4b 10 48 8b 7b 08 8d 41 01 48
0x00007ffeffd09b8b:   63 c9 89 43 10 80 7c 39 07 29 0f 84 d3 00 00 00
0x00007ffeffd09b9b:   48 89 74 24 30 44 8b c0 48 8d 35 56 64 95 ff 66
0x00007ffeffd09bab:   0f 1f 44 00 00 49 63 c8 0f be 54 39 06 83 c2 be
0x00007ffeffd09bbb:   83 fa 19 77 7b 48 63 ca 0f b6 8c 0e 1c 9d 6a 00
0x00007ffeffd09bcb:   8b 94 8e 0c 9d 6a 00 48 03 d6 ff e2 41 8d 40 01
0x00007ffeffd09bdb:   89 43 10 eb 74 48 63 c8 ff c0 89 43 10 44 8b c0
0x00007ffeffd09beb:   80 7c 39 06 3b 75 ee eb 63 0f 1f 40 00 0f 1f 84
0x00007ffeffd09bfb:   00 00 00 00 00 ff c0 48 63 c8 89 43 10 0f b6 54
0x00007ffeffd09c0b:   39 06 80 fa 5b 74 ee 80 fa 4c 75 1d 66 0f 1f 84
0x00007ffeffd09c1b:   00 00 00 00 00 48 63 c8 ff c0 89 43 10 44 8b c0
0x00007ffeffd09c2b:   80 7c 39 06 3b 75 ee eb 23 ff c0 89 43 10 eb 19
0x00007ffeffd09c3b:   ba f1 00 00 00 48 8d 0d 19 ad 22 00 e8 d4 3c ba
0x00007ffeffd09c4b:   ff e8 cf cd f7 ff 8b 43 10 44 8b c0 49 63 c8 80 


Stack slot to memory mapping:
stack at sp + 0 slots: 0x000000dbb4ffe9c0 is pointing into the stack for thread: 0x000001ea46048800
stack at sp + 1 slots: 0x0 is NULL
stack at sp + 2 slots: 0x0 is NULL
stack at sp + 3 slots: 0x0 is NULL
stack at sp + 4 slots: 0x0000000000000001 is an unknown value
stack at sp + 5 slots: 0x00007ffeff991b03 jvm.dll
stack at sp + 6 slots: 0x0 is NULL
stack at sp + 7 slots: 0x000000dbb4fff070 is pointing into the stack for thread: 0x000001ea46048800


---------------  P R O C E S S  ---------------

Threads class SMR info:
_java_thread_list=0x000001ea460c0ca0, length=13, elements={
0x000001ea2677c000, 0x000001ea454b9000, 0x000001ea454bd000, 0x000001ea454d6000,
0x000001ea454d7800, 0x000001ea454dd800, 0x000001ea454e2800, 0x000001ea454ec000,
0x000001ea454a0000, 0x000001ea46048800, 0x000001ea45faa000, 0x000001ea4605e000,
0x000001ea46045000
}

Java Threads: ( => current thread )
  0x000001ea2677c000 JavaThread "main" [_thread_blocked, id=1396, stack(0x000000dbb3f00000,0x000000dbb4000000)]
  0x000001ea454b9000 JavaThread "Reference Handler" daemon [_thread_blocked, id=5372, stack(0x000000dbb4600000,0x000000dbb4700000)]
  0x000001ea454bd000 JavaThread "Finalizer" daemon [_thread_blocked, id=6036, stack(0x000000dbb4700000,0x000000dbb4800000)]
  0x000001ea454d6000 JavaThread "Signal Dispatcher" daemon [_thread_blocked, id=12536, stack(0x000000dbb4800000,0x000000dbb4900000)]
  0x000001ea454d7800 JavaThread "Attach Listener" daemon [_thread_blocked, id=8508, stack(0x000000dbb4900000,0x000000dbb4a00000)]
  0x000001ea454dd800 JavaThread "C2 CompilerThread0" daemon [_thread_blocked, id=13300, stack(0x000000dbb4a00000,0x000000dbb4b00000)]
  0x000001ea454e2800 JavaThread "C1 CompilerThread0" daemon [_thread_blocked, id=5100, stack(0x000000dbb4b00000,0x000000dbb4c00000)]
  0x000001ea454ec000 JavaThread "Sweeper thread" daemon [_thread_blocked, id=13192, stack(0x000000dbb4c00000,0x000000dbb4d00000)]
  0x000001ea454a0000 JavaThread "Common-Cleaner" daemon [_thread_blocked, id=5112, stack(0x000000dbb4d00000,0x000000dbb4e00000)]
=>0x000001ea46048800 JavaThread "JDWP Transport Listener: dt_socket" daemon [_thread_in_vm, id=12528, stack(0x000000dbb4f00000,0x000000dbb5000000)]
  0x000001ea45faa000 JavaThread "JDWP Event Helper Thread" daemon [_thread_blocked, id=11620, stack(0x000000dbb5000000,0x000000dbb5100000)]
  0x000001ea4605e000 JavaThread "JDWP Command Reader" daemon [_thread_in_native, id=8288, stack(0x000000dbb5100000,0x000000dbb5200000)]
  0x000001ea46045000 JavaThread "Service Thread" daemon [_thread_blocked, id=8436, stack(0x000000dbb5200000,0x000000dbb5300000)]

Other Threads:
  0x000001ea454b7000 VMThread "VM Thread" [stack: 0x000000dbb4500000,0x000000dbb4600000] [id=5516]
  0x000001ea46046800 WatcherThread [stack: 0x000000dbb5300000,0x000000dbb5400000] [id=13116]
  0x000001ea267be800 GCTaskThread "GC Thread#0" [stack: 0x000000dbb4000000,0x000000dbb4100000] [id=4396]
  0x000001ea267d0800 ConcurrentGCThread "G1 Main Marker" [stack: 0x000000dbb4100000,0x000000dbb4200000] [id=84]
  0x000001ea267d2800 ConcurrentGCThread "G1 Conc#0" [stack: 0x000000dbb4200000,0x000000dbb4300000] [id=9228]
  0x000001ea2684d800 ConcurrentGCThread "G1 Refine#0" [stack: 0x000000dbb4300000,0x000000dbb4400000] [id=13148]
  0x000001ea45336800 ConcurrentGCThread "G1 Young RemSet Sampling" [stack: 0x000000dbb4400000,0x000000dbb4500000] [id=9776]

Threads with active compile tasks:

VM state:not at safepoint (normal execution)

VM Mutex/Monitor currently owned by a thread: None

Heap address: 0x0000000082200000, size: 2014 MB, Compressed Oops mode: 32-bit
Narrow klass base: 0x0000000800000000, Narrow klass shift: 3
Compressed class space size: 1073741824 Address: 0x0000000800b40000

Heap:
 garbage-first heap   total 129024K, used 2048K [0x0000000082200000, 0x0000000100000000)
  region size 1024K, 4 young (4096K), 0 survivors (0K)
 Metaspace       used 2625K, capacity 4785K, committed 4864K, reserved 1056768K
  class space    used 261K, capacity 466K, committed 512K, reserved 1048576K
Heap Regions: E=young(eden), S=young(survivor), O=old, HS=humongous(starts), HC=humongous(continues), CS=collection set, F=free, A=archive, TAMS=top-at-mark-start (previous, next)
|   0|0x0000000082200000, 0x0000000082200000, 0x0000000082300000|  0%| F|  |TAMS 0x0000000082200000, 0x0000000082200000| Untracked 
|   1|0x0000000082300000, 0x0000000082300000, 0x0000000082400000|  0%| F|  |TAMS 0x0000000082300000, 0x0000000082300000| Untracked 
|   2|0x0000000082400000, 0x0000000082400000, 0x0000000082500000|  0%| F|  |TAMS 0x0000000082400000, 0x0000000082400000| Untracked 
|   3|0x0000000082500000, 0x0000000082500000, 0x0000000082600000|  0%| F|  |TAMS 0x0000000082500000, 0x0000000082500000| Untracked 
|   4|0x0000000082600000, 0x0000000082600000, 0x0000000082700000|  0%| F|  |TAMS 0x0000000082600000, 0x0000000082600000| Untracked 
|   5|0x0000000082700000, 0x0000000082700000, 0x0000000082800000|  0%| F|  |TAMS 0x0000000082700000, 0x0000000082700000| Untracked 
|   6|0x0000000082800000, 0x0000000082800000, 0x0000000082900000|  0%| F|  |TAMS 0x0000000082800000, 0x0000000082800000| Untracked 
|   7|0x0000000082900000, 0x0000000082900000, 0x0000000082a00000|  0%| F|  |TAMS 0x0000000082900000, 0x0000000082900000| Untracked 
|   8|0x0000000082a00000, 0x0000000082a00000, 0x0000000082b00000|  0%| F|  |TAMS 0x0000000082a00000, 0x0000000082a00000| Untracked 
|   9|0x0000000082b00000, 0x0000000082b00000, 0x0000000082c00000|  0%| F|  |TAMS 0x0000000082b00000, 0x0000000082b00000| Untracked 
|  10|0x0000000082c00000, 0x0000000082c00000, 0x0000000082d00000|  0%| F|  |TAMS 0x0000000082c00000, 0x0000000082c00000| Untracked 
|  11|0x0000000082d00000, 0x0000000082d00000, 0x0000000082e00000|  0%| F|  |TAMS 0x0000000082d00000, 0x0000000082d00000| Untracked 
|  12|0x0000000082e00000, 0x0000000082e00000, 0x0000000082f00000|  0%| F|  |TAMS 0x0000000082e00000, 0x0000000082e00000| Untracked 
|  13|0x0000000082f00000, 0x0000000082f00000, 0x0000000083000000|  0%| F|  |TAMS 0x0000000082f00000, 0x0000000082f00000| Untracked 
|  14|0x0000000083000000, 0x0000000083000000, 0x0000000083100000|  0%| F|  |TAMS 0x0000000083000000, 0x0000000083000000| Untracked 
|  15|0x0000000083100000, 0x0000000083100000, 0x0000000083200000|  0%| F|  |TAMS 0x0000000083100000, 0x0000000083100000| Untracked 
|  16|0x0000000083200000, 0x0000000083200000, 0x0000000083300000|  0%| F|  |TAMS 0x0000000083200000, 0x0000000083200000| Untracked 
|  17|0x0000000083300000, 0x0000000083300000, 0x0000000083400000|  0%| F|  |TAMS 0x0000000083300000, 0x0000000083300000| Untracked 
|  18|0x0000000083400000, 0x0000000083400000, 0x0000000083500000|  0%| F|  |TAMS 0x0000000083400000, 0x0000000083400000| Untracked 
|  19|0x0000000083500000, 0x0000000083500000, 0x0000000083600000|  0%| F|  |TAMS 0x0000000083500000, 0x0000000083500000| Untracked 
|  20|0x0000000083600000, 0x0000000083600000, 0x0000000083700000|  0%| F|  |TAMS 0x0000000083600000, 0x0000000083600000| Untracked 
|  21|0x0000000083700000, 0x0000000083700000, 0x0000000083800000|  0%| F|  |TAMS 0x0000000083700000, 0x0000000083700000| Untracked 
|  22|0x0000000083800000, 0x0000000083800000, 0x0000000083900000|  0%| F|  |TAMS 0x0000000083800000, 0x0000000083800000| Untracked 
|  23|0x0000000083900000, 0x0000000083900000, 0x0000000083a00000|  0%| F|  |TAMS 0x0000000083900000, 0x0000000083900000| Untracked 
|  24|0x0000000083a00000, 0x0000000083a00000, 0x0000000083b00000|  0%| F|  |TAMS 0x0000000083a00000, 0x0000000083a00000| Untracked 
|  25|0x0000000083b00000, 0x0000000083b00000, 0x0000000083c00000|  0%| F|  |TAMS 0x0000000083b00000, 0x0000000083b00000| Untracked 
|  26|0x0000000083c00000, 0x0000000083c00000, 0x0000000083d00000|  0%| F|  |TAMS 0x0000000083c00000, 0x0000000083c00000| Untracked 
|  27|0x0000000083d00000, 0x0000000083d00000, 0x0000000083e00000|  0%| F|  |TAMS 0x0000000083d00000, 0x0000000083d00000| Untracked 
|  28|0x0000000083e00000, 0x0000000083e00000, 0x0000000083f00000|  0%| F|  |TAMS 0x0000000083e00000, 0x0000000083e00000| Untracked 
|  29|0x0000000083f00000, 0x0000000083f00000, 0x0000000084000000|  0%| F|  |TAMS 0x0000000083f00000, 0x0000000083f00000| Untracked 
|  30|0x0000000084000000, 0x0000000084000000, 0x0000000084100000|  0%| F|  |TAMS 0x0000000084000000, 0x0000000084000000| Untracked 
|  31|0x0000000084100000, 0x0000000084100000, 0x0000000084200000|  0%| F|  |TAMS 0x0000000084100000, 0x0000000084100000| Untracked 
|  32|0x0000000084200000, 0x0000000084200000, 0x0000000084300000|  0%| F|  |TAMS 0x0000000084200000, 0x0000000084200000| Untracked 
|  33|0x0000000084300000, 0x0000000084300000, 0x0000000084400000|  0%| F|  |TAMS 0x0000000084300000, 0x0000000084300000| Untracked 
|  34|0x0000000084400000, 0x0000000084400000, 0x0000000084500000|  0%| F|  |TAMS 0x0000000084400000, 0x0000000084400000| Untracked 
|  35|0x0000000084500000, 0x0000000084500000, 0x0000000084600000|  0%| F|  |TAMS 0x0000000084500000, 0x0000000084500000| Untracked 
|  36|0x0000000084600000, 0x0000000084600000, 0x0000000084700000|  0%| F|  |TAMS 0x0000000084600000, 0x0000000084600000| Untracked 
|  37|0x0000000084700000, 0x0000000084700000, 0x0000000084800000|  0%| F|  |TAMS 0x0000000084700000, 0x0000000084700000| Untracked 
|  38|0x0000000084800000, 0x0000000084800000, 0x0000000084900000|  0%| F|  |TAMS 0x0000000084800000, 0x0000000084800000| Untracked 
|  39|0x0000000084900000, 0x0000000084900000, 0x0000000084a00000|  0%| F|  |TAMS 0x0000000084900000, 0x0000000084900000| Untracked 
|  40|0x0000000084a00000, 0x0000000084a00000, 0x0000000084b00000|  0%| F|  |TAMS 0x0000000084a00000, 0x0000000084a00000| Untracked 
|  41|0x0000000084b00000, 0x0000000084b00000, 0x0000000084c00000|  0%| F|  |TAMS 0x0000000084b00000, 0x0000000084b00000| Untracked 
|  42|0x0000000084c00000, 0x0000000084c00000, 0x0000000084d00000|  0%| F|  |TAMS 0x0000000084c00000, 0x0000000084c00000| Untracked 
|  43|0x0000000084d00000, 0x0000000084d00000, 0x0000000084e00000|  0%| F|  |TAMS 0x0000000084d00000, 0x0000000084d00000| Untracked 
|  44|0x0000000084e00000, 0x0000000084e00000, 0x0000000084f00000|  0%| F|  |TAMS 0x0000000084e00000, 0x0000000084e00000| Untracked 
|  45|0x0000000084f00000, 0x0000000084f00000, 0x0000000085000000|  0%| F|  |TAMS 0x0000000084f00000, 0x0000000084f00000| Untracked 
|  46|0x0000000085000000, 0x0000000085000000, 0x0000000085100000|  0%| F|  |TAMS 0x0000000085000000, 0x0000000085000000| Untracked 
|  47|0x0000000085100000, 0x0000000085100000, 0x0000000085200000|  0%| F|  |TAMS 0x0000000085100000, 0x0000000085100000| Untracked 
|  48|0x0000000085200000, 0x0000000085200000, 0x0000000085300000|  0%| F|  |TAMS 0x0000000085200000, 0x0000000085200000| Untracked 
|  49|0x0000000085300000, 0x0000000085300000, 0x0000000085400000|  0%| F|  |TAMS 0x0000000085300000, 0x0000000085300000| Untracked 
|  50|0x0000000085400000, 0x0000000085400000, 0x0000000085500000|  0%| F|  |TAMS 0x0000000085400000, 0x0000000085400000| Untracked 
|  51|0x0000000085500000, 0x0000000085500000, 0x0000000085600000|  0%| F|  |TAMS 0x0000000085500000, 0x0000000085500000| Untracked 
|  52|0x0000000085600000, 0x0000000085600000, 0x0000000085700000|  0%| F|  |TAMS 0x0000000085600000, 0x0000000085600000| Untracked 
|  53|0x0000000085700000, 0x0000000085700000, 0x0000000085800000|  0%| F|  |TAMS 0x0000000085700000, 0x0000000085700000| Untracked 
|  54|0x0000000085800000, 0x0000000085800000, 0x0000000085900000|  0%| F|  |TAMS 0x0000000085800000, 0x0000000085800000| Untracked 
|  55|0x0000000085900000, 0x0000000085900000, 0x0000000085a00000|  0%| F|  |TAMS 0x0000000085900000, 0x0000000085900000| Untracked 
|  56|0x0000000085a00000, 0x0000000085a00000, 0x0000000085b00000|  0%| F|  |TAMS 0x0000000085a00000, 0x0000000085a00000| Untracked 
|  57|0x0000000085b00000, 0x0000000085b00000, 0x0000000085c00000|  0%| F|  |TAMS 0x0000000085b00000, 0x0000000085b00000| Untracked 
|  58|0x0000000085c00000, 0x0000000085c00000, 0x0000000085d00000|  0%| F|  |TAMS 0x0000000085c00000, 0x0000000085c00000| Untracked 
|  59|0x0000000085d00000, 0x0000000085d00000, 0x0000000085e00000|  0%| F|  |TAMS 0x0000000085d00000, 0x0000000085d00000| Untracked 
|  60|0x0000000085e00000, 0x0000000085e00000, 0x0000000085f00000|  0%| F|  |TAMS 0x0000000085e00000, 0x0000000085e00000| Untracked 
|  61|0x0000000085f00000, 0x0000000085f00000, 0x0000000086000000|  0%| F|  |TAMS 0x0000000085f00000, 0x0000000085f00000| Untracked 
|  62|0x0000000086000000, 0x0000000086000000, 0x0000000086100000|  0%| F|  |TAMS 0x0000000086000000, 0x0000000086000000| Untracked 
|  63|0x0000000086100000, 0x0000000086100000, 0x0000000086200000|  0%| F|  |TAMS 0x0000000086100000, 0x0000000086100000| Untracked 
|  64|0x0000000086200000, 0x0000000086200000, 0x0000000086300000|  0%| F|  |TAMS 0x0000000086200000, 0x0000000086200000| Untracked 
|  65|0x0000000086300000, 0x0000000086300000, 0x0000000086400000|  0%| F|  |TAMS 0x0000000086300000, 0x0000000086300000| Untracked 
|  66|0x0000000086400000, 0x0000000086400000, 0x0000000086500000|  0%| F|  |TAMS 0x0000000086400000, 0x0000000086400000| Untracked 
|  67|0x0000000086500000, 0x0000000086500000, 0x0000000086600000|  0%| F|  |TAMS 0x0000000086500000, 0x0000000086500000| Untracked 
|  68|0x0000000086600000, 0x0000000086600000, 0x0000000086700000|  0%| F|  |TAMS 0x0000000086600000, 0x0000000086600000| Untracked 
|  69|0x0000000086700000, 0x0000000086700000, 0x0000000086800000|  0%| F|  |TAMS 0x0000000086700000, 0x0000000086700000| Untracked 
|  70|0x0000000086800000, 0x0000000086800000, 0x0000000086900000|  0%| F|  |TAMS 0x0000000086800000, 0x0000000086800000| Untracked 
|  71|0x0000000086900000, 0x0000000086900000, 0x0000000086a00000|  0%| F|  |TAMS 0x0000000086900000, 0x0000000086900000| Untracked 
|  72|0x0000000086a00000, 0x0000000086a00000, 0x0000000086b00000|  0%| F|  |TAMS 0x0000000086a00000, 0x0000000086a00000| Untracked 
|  73|0x0000000086b00000, 0x0000000086b00000, 0x0000000086c00000|  0%| F|  |TAMS 0x0000000086b00000, 0x0000000086b00000| Untracked 
|  74|0x0000000086c00000, 0x0000000086c00000, 0x0000000086d00000|  0%| F|  |TAMS 0x0000000086c00000, 0x0000000086c00000| Untracked 
|  75|0x0000000086d00000, 0x0000000086d00000, 0x0000000086e00000|  0%| F|  |TAMS 0x0000000086d00000, 0x0000000086d00000| Untracked 
|  76|0x0000000086e00000, 0x0000000086e00000, 0x0000000086f00000|  0%| F|  |TAMS 0x0000000086e00000, 0x0000000086e00000| Untracked 
|  77|0x0000000086f00000, 0x0000000086f00000, 0x0000000087000000|  0%| F|  |TAMS 0x0000000086f00000, 0x0000000086f00000| Untracked 
|  78|0x0000000087000000, 0x0000000087000000, 0x0000000087100000|  0%| F|  |TAMS 0x0000000087000000, 0x0000000087000000| Untracked 
|  79|0x0000000087100000, 0x0000000087100000, 0x0000000087200000|  0%| F|  |TAMS 0x0000000087100000, 0x0000000087100000| Untracked 
|  80|0x0000000087200000, 0x0000000087200000, 0x0000000087300000|  0%| F|  |TAMS 0x0000000087200000, 0x0000000087200000| Untracked 
|  81|0x0000000087300000, 0x0000000087300000, 0x0000000087400000|  0%| F|  |TAMS 0x0000000087300000, 0x0000000087300000| Untracked 
|  82|0x0000000087400000, 0x0000000087400000, 0x0000000087500000|  0%| F|  |TAMS 0x0000000087400000, 0x0000000087400000| Untracked 
|  83|0x0000000087500000, 0x0000000087500000, 0x0000000087600000|  0%| F|  |TAMS 0x0000000087500000, 0x0000000087500000| Untracked 
|  84|0x0000000087600000, 0x0000000087600000, 0x0000000087700000|  0%| F|  |TAMS 0x0000000087600000, 0x0000000087600000| Untracked 
|  85|0x0000000087700000, 0x0000000087700000, 0x0000000087800000|  0%| F|  |TAMS 0x0000000087700000, 0x0000000087700000| Untracked 
|  86|0x0000000087800000, 0x0000000087800000, 0x0000000087900000|  0%| F|  |TAMS 0x0000000087800000, 0x0000000087800000| Untracked 
|  87|0x0000000087900000, 0x0000000087900000, 0x0000000087a00000|  0%| F|  |TAMS 0x0000000087900000, 0x0000000087900000| Untracked 
|  88|0x0000000087a00000, 0x0000000087a00000, 0x0000000087b00000|  0%| F|  |TAMS 0x0000000087a00000, 0x0000000087a00000| Untracked 
|  89|0x0000000087b00000, 0x0000000087b00000, 0x0000000087c00000|  0%| F|  |TAMS 0x0000000087b00000, 0x0000000087b00000| Untracked 
|  90|0x0000000087c00000, 0x0000000087c00000, 0x0000000087d00000|  0%| F|  |TAMS 0x0000000087c00000, 0x0000000087c00000| Untracked 
|  91|0x0000000087d00000, 0x0000000087d00000, 0x0000000087e00000|  0%| F|  |TAMS 0x0000000087d00000, 0x0000000087d00000| Untracked 
|  92|0x0000000087e00000, 0x0000000087e00000, 0x0000000087f00000|  0%| F|  |TAMS 0x0000000087e00000, 0x0000000087e00000| Untracked 
|  93|0x0000000087f00000, 0x0000000087f00000, 0x0000000088000000|  0%| F|  |TAMS 0x0000000087f00000, 0x0000000087f00000| Untracked 
|  94|0x0000000088000000, 0x0000000088000000, 0x0000000088100000|  0%| F|  |TAMS 0x0000000088000000, 0x0000000088000000| Untracked 
|  95|0x0000000088100000, 0x0000000088100000, 0x0000000088200000|  0%| F|  |TAMS 0x0000000088100000, 0x0000000088100000| Untracked 
|  96|0x0000000088200000, 0x0000000088200000, 0x0000000088300000|  0%| F|  |TAMS 0x0000000088200000, 0x0000000088200000| Untracked 
|  97|0x0000000088300000, 0x0000000088300000, 0x0000000088400000|  0%| F|  |TAMS 0x0000000088300000, 0x0000000088300000| Untracked 
|  98|0x0000000088400000, 0x0000000088400000, 0x0000000088500000|  0%| F|  |TAMS 0x0000000088400000, 0x0000000088400000| Untracked 
|  99|0x0000000088500000, 0x0000000088500000, 0x0000000088600000|  0%| F|  |TAMS 0x0000000088500000, 0x0000000088500000| Untracked 
| 100|0x0000000088600000, 0x0000000088600000, 0x0000000088700000|  0%| F|  |TAMS 0x0000000088600000, 0x0000000088600000| Untracked 
| 101|0x0000000088700000, 0x0000000088700000, 0x0000000088800000|  0%| F|  |TAMS 0x0000000088700000, 0x0000000088700000| Untracked 
| 102|0x0000000088800000, 0x0000000088800000, 0x0000000088900000|  0%| F|  |TAMS 0x0000000088800000, 0x0000000088800000| Untracked 
| 103|0x0000000088900000, 0x0000000088900000, 0x0000000088a00000|  0%| F|  |TAMS 0x0000000088900000, 0x0000000088900000| Untracked 
| 104|0x0000000088a00000, 0x0000000088a00000, 0x0000000088b00000|  0%| F|  |TAMS 0x0000000088a00000, 0x0000000088a00000| Untracked 
| 105|0x0000000088b00000, 0x0000000088b00000, 0x0000000088c00000|  0%| F|  |TAMS 0x0000000088b00000, 0x0000000088b00000| Untracked 
| 106|0x0000000088c00000, 0x0000000088c00000, 0x0000000088d00000|  0%| F|  |TAMS 0x0000000088c00000, 0x0000000088c00000| Untracked 
| 107|0x0000000088d00000, 0x0000000088d00000, 0x0000000088e00000|  0%| F|  |TAMS 0x0000000088d00000, 0x0000000088d00000| Untracked 
| 108|0x0000000088e00000, 0x0000000088e00000, 0x0000000088f00000|  0%| F|  |TAMS 0x0000000088e00000, 0x0000000088e00000| Untracked 
| 109|0x0000000088f00000, 0x0000000088f00000, 0x0000000089000000|  0%| F|  |TAMS 0x0000000088f00000, 0x0000000088f00000| Untracked 
| 110|0x0000000089000000, 0x0000000089000000, 0x0000000089100000|  0%| F|  |TAMS 0x0000000089000000, 0x0000000089000000| Untracked 
| 111|0x0000000089100000, 0x0000000089100000, 0x0000000089200000|  0%| F|  |TAMS 0x0000000089100000, 0x0000000089100000| Untracked 
| 112|0x0000000089200000, 0x0000000089200000, 0x0000000089300000|  0%| F|  |TAMS 0x0000000089200000, 0x0000000089200000| Untracked 
| 113|0x0000000089300000, 0x0000000089300000, 0x0000000089400000|  0%| F|  |TAMS 0x0000000089300000, 0x0000000089300000| Untracked 
| 114|0x0000000089400000, 0x0000000089400000, 0x0000000089500000|  0%| F|  |TAMS 0x0000000089400000, 0x0000000089400000| Untracked 
| 115|0x0000000089500000, 0x0000000089500000, 0x0000000089600000|  0%| F|  |TAMS 0x0000000089500000, 0x0000000089500000| Untracked 
| 116|0x0000000089600000, 0x0000000089600000, 0x0000000089700000|  0%| F|  |TAMS 0x0000000089600000, 0x0000000089600000| Untracked 
| 117|0x0000000089700000, 0x0000000089700000, 0x0000000089800000|  0%| F|  |TAMS 0x0000000089700000, 0x0000000089700000| Untracked 
| 118|0x0000000089800000, 0x0000000089800000, 0x0000000089900000|  0%| F|  |TAMS 0x0000000089800000, 0x0000000089800000| Untracked 
| 119|0x0000000089900000, 0x0000000089900000, 0x0000000089a00000|  0%| F|  |TAMS 0x0000000089900000, 0x0000000089900000| Untracked 
| 120|0x0000000089a00000, 0x0000000089a00000, 0x0000000089b00000|  0%| F|  |TAMS 0x0000000089a00000, 0x0000000089a00000| Untracked 
| 121|0x0000000089b00000, 0x0000000089b00000, 0x0000000089c00000|  0%| F|  |TAMS 0x0000000089b00000, 0x0000000089b00000| Untracked 
| 122|0x0000000089c00000, 0x0000000089d00000, 0x0000000089d00000|100%| E|  |TAMS 0x0000000089c00000, 0x0000000089c00000| Complete 
| 123|0x0000000089d00000, 0x0000000089e00000, 0x0000000089e00000|100%| E|  |TAMS 0x0000000089d00000, 0x0000000089d00000| Complete 
| 124|0x0000000089e00000, 0x0000000089f00000, 0x0000000089f00000|100%| E|CS|TAMS 0x0000000089e00000, 0x0000000089e00000| Complete 
| 125|0x0000000089f00000, 0x000000008a000000, 0x000000008a000000|100%| E|CS|TAMS 0x0000000089f00000, 0x0000000089f00000| Complete 

Card table byte_map: [0x000001ea3e3a0000,0x000001ea3e790000] _byte_map_base: 0x000001ea3df8f000

Marking Bits (Prev, Next): (CMBitMap*) 0x000001ea267bf2e8, (CMBitMap*) 0x000001ea267bf328
 Prev Bits: [0x000001ea3eb80000, 0x000001ea40af8000)
 Next Bits: [0x000001ea40b00000, 0x000001ea42a78000)

Polling page: 0x000001ea24650000

Metaspace:

Usage:
  Non-class:      4.22 MB capacity,     2.31 MB ( 55%) used,     1.90 MB ( 45%) free+waste,     5.00 KB ( <1%) overhead. 
      Class:    466.00 KB capacity,   261.52 KB ( 56%) used,   201.60 KB ( 43%) free+waste,     2.88 KB ( <1%) overhead. 
       Both:      4.67 MB capacity,     2.56 MB ( 55%) used,     2.10 MB ( 45%) free+waste,     7.88 KB ( <1%) overhead. 

Virtual space:
  Non-class space:        8.00 MB reserved,       4.25 MB ( 53%) committed 
      Class space:        1.00 GB reserved,     512.00 KB ( <1%) committed 
             Both:        1.01 GB reserved,       4.75 MB ( <1%) committed 

Chunk freelists:
   Non-Class:  33.00 KB
       Class:  14.00 KB
        Both:  47.00 KB

MaxMetaspaceSize: 17179869184.00 GB
CompressedClassSpaceSize: 1.00 GB

CodeHeap 'non-profiled nmethods': size=120000Kb used=122Kb max_used=122Kb free=119877Kb
 bounds [0x000001ea36750000, 0x000001ea369c0000, 0x000001ea3dc80000]
CodeHeap 'profiled nmethods': size=120000Kb used=552Kb max_used=552Kb free=119447Kb
 bounds [0x000001ea2f220000, 0x000001ea2f490000, 0x000001ea36750000]
CodeHeap 'non-nmethods': size=5760Kb used=1219Kb max_used=1227Kb free=4540Kb
 bounds [0x000001ea2ec80000, 0x000001ea2eef0000, 0x000001ea2f220000]
 total_blobs=1127 nmethods=389 adapters=291
 compilation: enabled
              stopped_count=0, restarted_count=0
 full_count=0

Compilation events (20 events):
Event: 0.220 Thread 0x000001ea454e2800 nmethod 380 0x000001ea2f2a5e90 code [0x000001ea2f2a6040, 0x000001ea2f2a6218]
Event: 0.220 Thread 0x000001ea454e2800  381       1       java.lang.invoke.MethodHandles$Lookup::lookupClass (5 bytes)
Event: 0.220 Thread 0x000001ea454e2800 nmethod 381 0x000001ea3676cd10 code [0x000001ea3676cea0, 0x000001ea3676cfd8]
Event: 0.220 Thread 0x000001ea454e2800  382       3       java.lang.String::charAt (25 bytes)
Event: 0.220 Thread 0x000001ea454e2800 nmethod 382 0x000001ea2f2a6290 code [0x000001ea2f2a64a0, 0x000001ea2f2a6a40]
Event: 0.220 Thread 0x000001ea454e2800  383       3       java.lang.invoke.MethodType::checkPtypes (61 bytes)
Event: 0.221 Thread 0x000001ea454e2800 nmethod 383 0x000001ea2f2a6c90 code [0x000001ea2f2a6f20, 0x000001ea2f2a79b0]
Event: 0.221 Thread 0x000001ea454e2800  385       3       jdk.internal.org.objectweb.asm.ByteVector::put12 (64 bytes)
Event: 0.221 Thread 0x000001ea454e2800 nmethod 385 0x000001ea2f2a7e10 code [0x000001ea2f2a7fc0, 0x000001ea2f2a8270]
Event: 0.221 Thread 0x000001ea454e2800  386       3       java.lang.reflect.Modifier::isProtected (12 bytes)
Event: 0.221 Thread 0x000001ea454e2800 nmethod 386 0x000001ea2f2a8410 code [0x000001ea2f2a85c0, 0x000001ea2f2a8758]
Event: 0.221 Thread 0x000001ea454e2800  387       3       jdk.internal.org.objectweb.asm.ByteVector::putInt (74 bytes)
Event: 0.222 Thread 0x000001ea454e2800 nmethod 387 0x000001ea2f2a8810 code [0x000001ea2f2a89c0, 0x000001ea2f2a8cb0]
Event: 0.222 Thread 0x000001ea460e3000 nmethod 331% 0x000001ea3676d390 code [0x000001ea3676d560, 0x000001ea3676e538]
Event: 0.222 Thread 0x000001ea454e2800  388       3       jdk.internal.misc.Unsafe::allocateUninitializedArray (52 bytes)
Event: 0.223 Thread 0x000001ea454e2800 nmethod 388 0x000001ea2f2a8e90 code [0x000001ea2f2a90a0, 0x000001ea2f2a9600]
Event: 0.223 Thread 0x000001ea454e2800  390       3       java.lang.invoke.MemberName::getReferenceKind (12 bytes)
Event: 0.223 Thread 0x000001ea454e2800 nmethod 390 0x000001ea2f2a9810 code [0x000001ea2f2a99a0, 0x000001ea2f2a9b38]
Event: 0.223 Thread 0x000001ea454e2800  389       3       java.lang.String::replace (42 bytes)
Event: 0.223 Thread 0x000001ea454e2800 nmethod 389 0x000001ea2f2a9c10 code [0x000001ea2f2a9de0, 0x000001ea2f2aa1a0]

GC Heap History (0 events):
No events

Deoptimization events (16 events):
Event: 0.122 Thread 0x000001ea2677c000 Uncommon trap: trap_request=0xffffffde fr.pc=0x000001ea3675e7b0 relative=0x00000000000009b0
Event: 0.122 Thread 0x000001ea2677c000 Uncommon trap: reason=class_check action=maybe_recompile pc=0x000001ea3675e7b0 method=java.util.HashMap.putVal(ILjava/lang/Object;Ljava/lang/Object;ZZ)Ljava/lang/Object; @ 152 c2
Event: 0.122 Thread 0x000001ea2677c000 DEOPT PACKING pc=0x000001ea3675e7b0 sp=0x000000dbb3ffe260
Event: 0.122 Thread 0x000001ea2677c000 DEOPT UNPACKING pc=0x000001ea2ecc912f sp=0x000000dbb3ffe1f0 mode 2
Event: 0.129 Thread 0x000001ea2677c000 Uncommon trap: trap_request=0xffffff45 fr.pc=0x000001ea3675e8a4 relative=0x0000000000000aa4
Event: 0.129 Thread 0x000001ea2677c000 Uncommon trap: reason=unstable_if action=reinterpret pc=0x000001ea3675e8a4 method=java.util.HashMap.putVal(ILjava/lang/Object;Ljava/lang/Object;ZZ)Ljava/lang/Object; @ 181 c2
Event: 0.129 Thread 0x000001ea2677c000 DEOPT PACKING pc=0x000001ea3675e8a4 sp=0x000000dbb3ffe060
Event: 0.129 Thread 0x000001ea2677c000 DEOPT UNPACKING pc=0x000001ea2ecc912f sp=0x000000dbb3ffe010 mode 2
Event: 0.212 Thread 0x000001ea2677c000 Uncommon trap: trap_request=0xffffff45 fr.pc=0x000001ea367670e4 relative=0x0000000000000044
Event: 0.212 Thread 0x000001ea2677c000 Uncommon trap: reason=unstable_if action=reinterpret pc=0x000001ea367670e4 method=java.lang.CharacterData.of(I)Ljava/lang/CharacterData; @ 4 c2
Event: 0.212 Thread 0x000001ea2677c000 DEOPT PACKING pc=0x000001ea367670e4 sp=0x000000dbb3ffd840
Event: 0.212 Thread 0x000001ea2677c000 DEOPT UNPACKING pc=0x000001ea2ecc912f sp=0x000000dbb3ffd7e0 mode 2
Event: 0.215 Thread 0x000001ea2677c000 Uncommon trap: trap_request=0xffffff45 fr.pc=0x000001ea3675f208 relative=0x00000000000000e8
Event: 0.215 Thread 0x000001ea2677c000 Uncommon trap: reason=unstable_if action=reinterpret pc=0x000001ea3675f208 method=java.lang.String.isLatin1()Z @ 10 c2
Event: 0.215 Thread 0x000001ea2677c000 DEOPT PACKING pc=0x000001ea3675f208 sp=0x000000dbb3ffed30
Event: 0.215 Thread 0x000001ea2677c000 DEOPT UNPACKING pc=0x000001ea2ecc912f sp=0x000000dbb3ffec80 mode 2

Classes unloaded (0 events):
No events

Classes redefined (11 events):
Event: 157.352 Thread 0x000001ea454b7000 redefined class name=ArithmeticApp, count=1
Event: 468.720 Thread 0x000001ea454b7000 redefined class name=ArithmeticApp, count=2
Event: 514.912 Thread 0x000001ea454b7000 redefined class name=ArithmeticApp, count=3
Event: 534.420 Thread 0x000001ea454b7000 redefined class name=ArithmeticApp, count=4
Event: 548.947 Thread 0x000001ea454b7000 redefined class name=ArithmeticApp, count=5
Event: 607.156 Thread 0x000001ea454b7000 redefined class name=ArithmeticApp, count=6
Event: 630.807 Thread 0x000001ea454b7000 redefined class name=ArithmeticApp, count=7
Event: 675.162 Thread 0x000001ea454b7000 redefined class name=ArithmeticApp, count=8
Event: 803.887 Thread 0x000001ea454b7000 redefined class name=ArithmeticApp, count=9
Event: 1200.594 Thread 0x000001ea454b7000 redefined class name=ArithmeticApp, count=10
Event: 1272.235 Thread 0x000001ea454b7000 redefined class name=ArithmeticApp, count=11

Internal exceptions (1 events):
Event: 0.220 Thread 0x000001ea2677c000 Exception <a 'java/lang/NoSuchMethodError'{0x0000000089cd65d0}: 'int java.lang.invoke.DirectMethodHandle$Holder.invokeSpecialIFC(java.lang.Object, java.lang.Object, int)'> (0x0000000089cd65d0) 
thrown [t:/workspace/open/src/hotspot/share/interpreter/linkResolver.cpp, line 767]

Events (20 events):
Event: 1327.810 Executing VM operation: GetCurrentContendedMonitor
Event: 1327.810 Executing VM operation: GetCurrentContendedMonitor done
Event: 1327.815 Executing VM operation: GetFrameCount
Event: 1327.815 Executing VM operation: GetFrameCount done
Event: 1327.815 Executing VM operation: GetOwnedMonitorInfo
Event: 1327.815 Executing VM operation: GetOwnedMonitorInfo done
Event: 1327.815 Executing VM operation: GetCurrentContendedMonitor
Event: 1327.815 Executing VM operation: GetCurrentContendedMonitor done
Event: 1346.174 Executing VM operation: ChangeBreakpoints
Event: 1346.174 Executing VM operation: ChangeBreakpoints done
Event: 1364.802 Executing VM operation: GetCurrentContendedMonitor
Event: 1364.802 Executing VM operation: GetCurrentContendedMonitor done
Event: 1364.802 Executing VM operation: GetOwnedMonitorInfo
Event: 1364.802 Executing VM operation: GetOwnedMonitorInfo done
Event: 1364.914 Executing VM operation: GetCurrentContendedMonitor
Event: 1364.914 Executing VM operation: GetCurrentContendedMonitor done
Event: 1364.914 Executing VM operation: GetOwnedMonitorInfo
Event: 1364.914 Executing VM operation: GetOwnedMonitorInfo done
Event: 1366.153 Executing VM operation: GetFrameCount
Event: 1366.153 Executing VM operation: GetFrameCount done


Dynamic libraries:
0x00007ff75c7b0000 - 0x00007ff75c7bf000 	C:\Program Files\Java\jdk-13.0.1\bin\javaw.exe
0x00007fff5dcc0000 - 0x00007fff5deb0000 	C:\WINDOWS\SYSTEM32\ntdll.dll
0x00007fff5d980000 - 0x00007fff5da32000 	C:\WINDOWS\System32\KERNEL32.DLL
0x00007fff5acd0000 - 0x00007fff5af73000 	C:\WINDOWS\System32\KERNELBASE.dll
0x00007fff5bbb0000 - 0x00007fff5bcaa000 	C:\WINDOWS\System32\ucrtbase.dll
0x00007fff4ba40000 - 0x00007fff4ba55000 	C:\Program Files\Java\jdk-13.0.1\bin\VCRUNTIME140.dll
0x00007fff50040000 - 0x00007fff50058000 	C:\Program Files\Java\jdk-13.0.1\bin\jli.dll
0x00007fff5c750000 - 0x00007fff5c7f3000 	C:\WINDOWS\System32\ADVAPI32.dll
0x00007fff5bf30000 - 0x00007fff5bfce000 	C:\WINDOWS\System32\msvcrt.dll
0x00007fff5c920000 - 0x00007fff5c9b7000 	C:\WINDOWS\System32\sechost.dll
0x00007fff5c800000 - 0x00007fff5c920000 	C:\WINDOWS\System32\RPCRT4.dll
0x00007fff5d7e0000 - 0x00007fff5d974000 	C:\WINDOWS\System32\USER32.dll
0x00007fff5b700000 - 0x00007fff5b721000 	C:\WINDOWS\System32\win32u.dll
0x00007fff5cb70000 - 0x00007fff5cb96000 	C:\WINDOWS\System32\GDI32.dll
0x00007fff5b990000 - 0x00007fff5bb24000 	C:\WINDOWS\System32\gdi32full.dll
0x00007fff5bcd0000 - 0x00007fff5bd6e000 	C:\WINDOWS\System32\msvcp_win.dll
0x00007fff4a1f0000 - 0x00007fff4a475000 	C:\WINDOWS\WinSxS\amd64_microsoft.windows.common-controls_6595b64144ccf1df_6.0.18362.418_none_e6c6b287130d565d\COMCTL32.dll
0x00007fff55060000 - 0x00007fff5506a000 	C:\WINDOWS\SYSTEM32\VERSION.dll
0x00007fff5d0f0000 - 0x00007fff5d426000 	C:\WINDOWS\System32\combase.dll
0x00007fff5ac50000 - 0x00007fff5acd0000 	C:\WINDOWS\System32\bcryptPrimitives.dll
0x00007fff5dba0000 - 0x00007fff5dbce000 	C:\WINDOWS\System32\IMM32.DLL
0x00007fff46860000 - 0x00007fff468fb000 	C:\Program Files\Java\jdk-13.0.1\bin\msvcp140.dll
0x00007ffeff660000 - 0x00007fff001c6000 	C:\Program Files\Java\jdk-13.0.1\bin\server\jvm.dll
0x00007fff5bd70000 - 0x00007fff5bd78000 	C:\WINDOWS\System32\PSAPI.DLL
0x00007fff57000000 - 0x00007fff57024000 	C:\WINDOWS\SYSTEM32\WINMM.dll
0x00007fff53900000 - 0x00007fff53909000 	C:\WINDOWS\SYSTEM32\WSOCK32.dll
0x00007fff5ca40000 - 0x00007fff5caaf000 	C:\WINDOWS\System32\WS2_32.dll
0x00007fff56a00000 - 0x00007fff56a2d000 	C:\WINDOWS\SYSTEM32\winmmbase.dll
0x00007fff5bb30000 - 0x00007fff5bb7a000 	C:\WINDOWS\System32\cfgmgr32.dll
0x00007fff5ac30000 - 0x00007fff5ac41000 	C:\WINDOWS\System32\kernel.appcore.dll
0x00007fff538f0000 - 0x00007fff53900000 	C:\Program Files\Java\jdk-13.0.1\bin\verify.dll
0x00007fff4ae90000 - 0x00007fff4b084000 	C:\WINDOWS\SYSTEM32\DBGHELP.DLL
0x00007fff4ae60000 - 0x00007fff4ae8a000 	C:\WINDOWS\SYSTEM32\dbgcore.DLL
0x00007fff38a60000 - 0x00007fff38a86000 	C:\Program Files\Java\jdk-13.0.1\bin\java.dll
0x00007fff46c20000 - 0x00007fff46c58000 	C:\Program Files\Java\jdk-13.0.1\bin\jdwp.dll
0x00007fff53910000 - 0x00007fff5391e000 	C:\Program Files\Java\jdk-13.0.1\bin\instrument.dll
0x00007fff33f10000 - 0x00007fff33f27000 	C:\Program Files\Java\jdk-13.0.1\bin\zip.dll
0x00007fff48b00000 - 0x00007fff48b0a000 	C:\Program Files\Java\jdk-13.0.1\bin\jimage.dll
0x00007fff5c040000 - 0x00007fff5c725000 	C:\WINDOWS\System32\SHELL32.dll
0x00007fff5cac0000 - 0x00007fff5cb69000 	C:\WINDOWS\System32\shcore.dll
0x00007fff5af80000 - 0x00007fff5b6ff000 	C:\WINDOWS\System32\windows.storage.dll
0x00007fff5ac10000 - 0x00007fff5ac2f000 	C:\WINDOWS\System32\profapi.dll
0x00007fff5aba0000 - 0x00007fff5abea000 	C:\WINDOWS\System32\powrprof.dll
0x00007fff5ab90000 - 0x00007fff5aba0000 	C:\WINDOWS\System32\UMPDC.dll
0x00007fff5cba0000 - 0x00007fff5cbf2000 	C:\WINDOWS\System32\shlwapi.dll
0x00007fff5bcb0000 - 0x00007fff5bcc7000 	C:\WINDOWS\System32\cryptsp.dll
0x00007fff4f020000 - 0x00007fff4f02b000 	C:\Program Files\Java\jdk-13.0.1\bin\dt_socket.dll
0x00007fff5a400000 - 0x00007fff5a467000 	C:\WINDOWS\system32\mswsock.dll
0x00007fff5a150000 - 0x00007fff5a21a000 	C:\WINDOWS\SYSTEM32\DNSAPI.dll
0x00007fff5bfd0000 - 0x00007fff5bfd8000 	C:\WINDOWS\System32\NSI.dll
0x00007fff5a110000 - 0x00007fff5a14a000 	C:\WINDOWS\SYSTEM32\IPHLPAPI.DLL
0x00007fff500c0000 - 0x00007fff500ca000 	C:\Windows\System32\rasadhlp.dll
0x00007fff55360000 - 0x00007fff553d7000 	C:\WINDOWS\System32\fwpuclnt.dll
0x00007fff5bb80000 - 0x00007fff5bba6000 	C:\WINDOWS\System32\bcrypt.dll
0x00007fff33ef0000 - 0x00007fff33f09000 	C:\Program Files\Java\jdk-13.0.1\bin\net.dll
0x00007fff534f0000 - 0x00007fff535e0000 	C:\WINDOWS\SYSTEM32\WINHTTP.dll
0x00007fff335c0000 - 0x00007fff335d3000 	C:\Program Files\Java\jdk-13.0.1\bin\nio.dll

dbghelp: loaded successfully - version: 4.0.5 - missing functions: none
symbol engine: initialized successfully - sym options: 0x614 - pdb path: .;C:\Program Files\Java\jdk-13.0.1\bin;C:\WINDOWS\SYSTEM32;C:\WINDOWS\WinSxS\amd64_microsoft.windows.common-controls_6595b64144ccf1df_6.0.18362.418_none_e6c6b287130d565d;C:\Program Files\Java\jdk-13.0.1\bin\server

VM Arguments:
jvm_args: -agentlib:jdwp=transport=dt_socket,suspend=y,address=localhost:60494 -javaagent:E:\Java\eclipse\configuration\org.eclipse.osgi\412\0\.cp\lib\javaagent-shaded.jar -Dfile.encoding=UTF-8 
java_command: ArithmeticApp
java_class_path (initial): E:\Java\Software Engineering\ArithmeticApp
Launcher Type: SUN_STANDARD

[Global flags]
     intx CICompilerCount                          = 4                                         {product} {ergonomic}
     uint ConcGCThreads                            = 2                                         {product} {ergonomic}
     uint G1ConcRefinementThreads                  = 8                                         {product} {ergonomic}
   size_t G1HeapRegionSize                         = 1048576                                   {product} {ergonomic}
    uintx GCDrainStackTargetSize                   = 64                                        {product} {ergonomic}
   size_t InitialHeapSize                          = 132120576                                 {product} {ergonomic}
   size_t MarkStackSize                            = 4194304                                   {product} {ergonomic}
   size_t MaxHeapSize                              = 2111832064                                {product} {ergonomic}
   size_t MaxNewSize                               = 1266679808                                {product} {ergonomic}
   size_t MinHeapDeltaBytes                        = 1048576                                   {product} {ergonomic}
   size_t MinHeapSize                              = 8388608                                   {product} {ergonomic}
    uintx NonNMethodCodeHeapSize                   = 5836300                                {pd product} {ergonomic}
    uintx NonProfiledCodeHeapSize                  = 122910970                              {pd product} {ergonomic}
    uintx ProfiledCodeHeapSize                     = 122910970                              {pd product} {ergonomic}
    uintx ReservedCodeCacheSize                    = 251658240                              {pd product} {ergonomic}
     bool SegmentedCodeCache                       = true                                      {product} {ergonomic}
   size_t SoftMaxHeapSize                          = 2111832064                             {manageable} {ergonomic}
     bool UseCompressedClassPointers               = true                                 {lp64_product} {ergonomic}
     bool UseCompressedOops                        = true                                 {lp64_product} {ergonomic}
     bool UseG1GC                                  = true                                      {product} {ergonomic}
     bool UseLargePagesIndividualAllocation        = false                                  {pd product} {ergonomic}

Logging:
Log output configuration:
 #0: stdout all=warning uptime,level,tags
 #1: stderr all=off uptime,level,tags

Environment Variables:
PATH=C:/Program Files/Java/jdk-13.0.1/bin/server;C:/Program Files/Java/jdk-13.0.1/bin;C:\WINDOWS\system32;C:\WINDOWS;C:\WINDOWS\System32\Wbem;C:\WINDOWS\System32\WindowsPowerShell\v1.0\;C:\WINDOWS\System32\OpenSSH\;C:\Program Files\Java\jdk-13.0.1\bin;C:\Users\omark\AppData\Local\Microsoft\WindowsApps;;E:\Java\eclipse;
USERNAME=omark
OS=Windows_NT
PROCESSOR_IDENTIFIER=Intel64 Family 6 Model 60 Stepping 3, GenuineIntel



---------------  S Y S T E M  ---------------

OS: Windows 10 , 64 bit Build 18362 (10.0.18362.329)

CPU:total 8 (initial active 8) (4 cores per cpu, 2 threads per core) family 6 model 60 stepping 3, cmov, cx8, fxsr, mmx, sse, sse2, sse3, ssse3, sse4.1, sse4.2, popcnt, avx, avx2, aes, clmul, erms, lzcnt, ht, tsc, tscinvbit, bmi1, bmi2, fma

Memory: 4k page, system-wide physical 8054M (1152M free)
TotalPageFile size 21008M (AvailPageFile size 1122M)
current process WorkingSet (physical memory assigned to process): 40M, peak: 42M
current process commit charge ("private bytes"): 212M, peak: 215M

vm_info: Java HotSpot(TM) 64-Bit Server VM (13.0.1+9) for windows-amd64 JRE (13.0.1+9), built on Oct  6 2019 12:37:49 by "mach5one" with unknown MS VC++:1916

END.
